<?xml version="1.0" encoding="UTF-8"?>
<!-- Generated by org.testng.reporters.JUnitReportReporter -->
<testsuite hostname="LAPTOP-AI8AGAUK" failures="0" tests="1" name="testing.TitleTest" time="10.589" errors="0" timestamp="2021-08-18T00:27:44 PDT" skipped="0">
  <testcase classname="testing.TitleTest" name="testing" time="10.589"/>
  <system-out/>
</testsuite> <!-- testing.TitleTest -->
